<?xml version="1.0" encoding="UTF-8"?>
<testng-results ignored="0" total="6" passed="6" failed="0" skipped="0">
  <reporter-output>
  </reporter-output>
  <suite started-at="2024-02-19T14:32:14 IST" name="Default suite" finished-at="2024-02-19T14:32:26 IST" duration-ms="12089">
    <groups>
      <group name="cucumber">
        <method signature="AbstractTestNGCucumberTests.runScenario(io.cucumber.testng.PickleWrapper,io.cucumber.testng.FeatureWrapper)[pri:0, instance:runners.MyTestRunner@645aa696]" name="runScenario" class="io.cucumber.testng.AbstractTestNGCucumberTests"/>
      </group> <!-- cucumber -->
    </groups>
    <test started-at="2024-02-19T14:32:14 IST" name="Default test" finished-at="2024-02-19T14:32:26 IST" duration-ms="12089">
      <class name="runners.MyTestRunner">
        <test-method is-config="true" signature="setUpClass(org.testng.ITestContext)[pri:0, instance:runners.MyTestRunner@645aa696]" started-at="2024-02-19T14:32:14 IST" name="setUpClass" finished-at="2024-02-19T14:32:15 IST" duration-ms="554" status="PASS">
          <params>
            <param index="0">
              <value>
                <![CDATA[org.testng.TestRunner@73c3cd09]]>
              </value>
            </param>
          </params>
          <reporter-output>
          </reporter-output>
        </test-method> <!-- setUpClass -->
        <test-method signature="runScenario(io.cucumber.testng.PickleWrapper,io.cucumber.testng.FeatureWrapper)[pri:0, instance:runners.MyTestRunner@645aa696]" started-at="2024-02-19T14:32:15 IST" name="runScenario" description="Runs Cucumber Scenarios" data-provider="scenarios" finished-at="2024-02-19T14:32:20 IST" duration-ms="5310" status="PASS">
          <params>
            <param index="0">
              <value>
                <![CDATA["Invalid Login into app"]]>
              </value>
            </param>
            <param index="1">
              <value>
                <![CDATA["Article Operations"]]>
              </value>
            </param>
          </params>
          <reporter-output>
          </reporter-output>
        </test-method> <!-- runScenario -->
        <test-method signature="runScenario(io.cucumber.testng.PickleWrapper,io.cucumber.testng.FeatureWrapper)[pri:0, instance:runners.MyTestRunner@645aa696]" started-at="2024-02-19T14:32:20 IST" name="runScenario" description="Runs Cucumber Scenarios" data-provider="scenarios" finished-at="2024-02-19T14:32:21 IST" duration-ms="975" status="PASS">
          <params>
            <param index="0">
              <value>
                <![CDATA["Valid Login into app"]]>
              </value>
            </param>
            <param index="1">
              <value>
                <![CDATA["Article Operations"]]>
              </value>
            </param>
          </params>
          <reporter-output>
          </reporter-output>
        </test-method> <!-- runScenario -->
        <test-method signature="runScenario(io.cucumber.testng.PickleWrapper,io.cucumber.testng.FeatureWrapper)[pri:0, instance:runners.MyTestRunner@645aa696]" started-at="2024-02-19T14:32:21 IST" name="runScenario" description="Runs Cucumber Scenarios" data-provider="scenarios" finished-at="2024-02-19T14:32:22 IST" duration-ms="905" status="PASS">
          <params>
            <param index="0">
              <value>
                <![CDATA["User Create the Article with duplicate Title"]]>
              </value>
            </param>
            <param index="1">
              <value>
                <![CDATA["Article Operations"]]>
              </value>
            </param>
          </params>
          <reporter-output>
          </reporter-output>
        </test-method> <!-- runScenario -->
        <test-method signature="runScenario(io.cucumber.testng.PickleWrapper,io.cucumber.testng.FeatureWrapper)[pri:0, instance:runners.MyTestRunner@645aa696]" started-at="2024-02-19T14:32:22 IST" name="runScenario" description="Runs Cucumber Scenarios" data-provider="scenarios" finished-at="2024-02-19T14:32:23 IST" duration-ms="1302" status="PASS">
          <params>
            <param index="0">
              <value>
                <![CDATA["User Create the new Article"]]>
              </value>
            </param>
            <param index="1">
              <value>
                <![CDATA["Article Operations"]]>
              </value>
            </param>
          </params>
          <reporter-output>
          </reporter-output>
        </test-method> <!-- runScenario -->
        <test-method signature="runScenario(io.cucumber.testng.PickleWrapper,io.cucumber.testng.FeatureWrapper)[pri:0, instance:runners.MyTestRunner@645aa696]" started-at="2024-02-19T14:32:23 IST" name="runScenario" description="Runs Cucumber Scenarios" data-provider="scenarios" finished-at="2024-02-19T14:32:25 IST" duration-ms="1667" status="PASS">
          <params>
            <param index="0">
              <value>
                <![CDATA["User update the Article"]]>
              </value>
            </param>
            <param index="1">
              <value>
                <![CDATA["Article Operations"]]>
              </value>
            </param>
          </params>
          <reporter-output>
          </reporter-output>
        </test-method> <!-- runScenario -->
        <test-method signature="runScenario(io.cucumber.testng.PickleWrapper,io.cucumber.testng.FeatureWrapper)[pri:0, instance:runners.MyTestRunner@645aa696]" started-at="2024-02-19T14:32:25 IST" name="runScenario" description="Runs Cucumber Scenarios" data-provider="scenarios" finished-at="2024-02-19T14:32:26 IST" duration-ms="1279" status="PASS">
          <params>
            <param index="0">
              <value>
                <![CDATA["User delete the Article"]]>
              </value>
            </param>
            <param index="1">
              <value>
                <![CDATA["Article Operations"]]>
              </value>
            </param>
          </params>
          <reporter-output>
          </reporter-output>
        </test-method> <!-- runScenario -->
        <test-method is-config="true" signature="tearDownClass()[pri:0, instance:runners.MyTestRunner@645aa696]" started-at="2024-02-19T14:32:26 IST" name="tearDownClass" finished-at="2024-02-19T14:32:26 IST" duration-ms="34" status="PASS">
          <reporter-output>
          </reporter-output>
        </test-method> <!-- tearDownClass -->
      </class> <!-- runners.MyTestRunner -->
    </test> <!-- Default test -->
  </suite> <!-- Default suite -->
</testng-results>
